<?xml version="1.0" encoding="UTF-8"?>
<testng-results ignored="0" total="3" passed="3" failed="0" skipped="0">
  <reporter-output>
  </reporter-output>
  <suite started-at="2022-08-15T20:18:29 IST" name="Suite" finished-at="2022-08-15T20:18:34 IST" duration-ms="4849">
    <groups>
    </groups>
    <test started-at="2022-08-15T20:18:29 IST" name="Test" finished-at="2022-08-15T20:18:34 IST" duration-ms="4849">
      <class name="ApiAutomation.RestAssuredAuth">
        <test-method is-config="true" signature="setup()[pri:0, instance:ApiAutomation.RestAssuredAuth@26d9b808]" started-at="2022-08-15T20:18:29 IST" name="setup" finished-at="2022-08-15T20:18:30 IST" duration-ms="922" status="PASS">
          <reporter-output>
          </reporter-output>
        </test-method> <!-- setup -->
        <test-method signature="authTestResponseCode()[pri:1, instance:ApiAutomation.RestAssuredAuth@26d9b808]" started-at="2022-08-15T20:18:30 IST" name="authTestResponseCode" finished-at="2022-08-15T20:18:33 IST" duration-ms="3223" status="PASS">
          <reporter-output>
          </reporter-output>
        </test-method> <!-- authTestResponseCode -->
        <test-method signature="authTestResponseBody()[pri:2, instance:ApiAutomation.RestAssuredAuth@26d9b808]" started-at="2022-08-15T20:18:34 IST" name="authTestResponseBody" finished-at="2022-08-15T20:18:34 IST" duration-ms="323" status="PASS">
          <reporter-output>
          </reporter-output>
        </test-method> <!-- authTestResponseBody -->
        <test-method signature="authTestResponseTime()[pri:3, instance:ApiAutomation.RestAssuredAuth@26d9b808]" started-at="2022-08-15T20:18:34 IST" name="authTestResponseTime" finished-at="2022-08-15T20:18:34 IST" duration-ms="112" status="PASS">
          <reporter-output>
          </reporter-output>
        </test-method> <!-- authTestResponseTime -->
      </class> <!-- ApiAutomation.RestAssuredAuth -->
    </test> <!-- Test -->
  </suite> <!-- Suite -->
</testng-results>
