<?xml version="1.0" encoding="UTF-8"?>
<!-- Generated by org.testng.reporters.JUnitXMLReporter -->
<testsuite ignored="0" hostname="MA" failures="0" tests="3" name="Test" time="4.849" errors="0" timestamp="2022-08-15T20:18:34 IST">
  <testcase classname="ApiAutomation.RestAssuredAuth" name="authTestResponseCode" time="3.223"/>
  <testcase classname="ApiAutomation.RestAssuredAuth" name="authTestResponseBody" time="0.323"/>
  <testcase classname="ApiAutomation.RestAssuredAuth" name="authTestResponseTime" time="0.112"/>
</testsuite> <!-- Test -->
